<?xml version="1.0" encoding="UTF-8"?>
<!-- Generated by org.testng.reporters.JUnitReportReporter -->
<testsuite skipped="0" hostname="DESKTOP-A4505NC" name="packagepage.TC_CreateLead" tests="3" failures="0" timestamp="28 Jul 2018 18:51:19 GMT" time="45.808" errors="0">
  <testcase name="createLead" time="15.782" classname="packagepage.TC_CreateLead"/>
  <testcase name="createLead" time="15.110" classname="packagepage.TC_CreateLead"/>
  <testcase name="createLead" time="14.916" classname="packagepage.TC_CreateLead"/>
</testsuite> <!-- packagepage.TC_CreateLead -->
