<?xml version="1.0" encoding="UTF-8"?>
<!-- Generated by org.testng.reporters.JUnitReportReporter -->
<testsuite skipped="0" hostname="DESKTOP-A4505NC" name="packagepage.TC_CreateLead" tests="3" failures="0" timestamp="11 Aug 2018 11:16:09 GMT" time="50.647" errors="0">
  <testcase name="createLead" time="15.393" classname="packagepage.TC_CreateLead"/>
  <testcase name="createLead" time="15.099" classname="packagepage.TC_CreateLead"/>
  <testcase name="createLead" time="20.155" classname="packagepage.TC_CreateLead"/>
</testsuite> <!-- packagepage.TC_CreateLead -->
